/data/parietal/store3/work/haggarwa/diffusion/nipype1-workflows/package/niflow/nipype1/workflows/dmri/mrtrix/group_connectivity.py:16: UserWarning: cmp not installed
  warnings.warn('cmp not installed')
/data/parietal/store3/work/haggarwa/miniconda3/envs/dwiprep/lib/python3.13/site-packages/niworkflows/interfaces/reportlets/base.py:83: FutureWarning: From release 0.13.0 onwards, this function will, by default, copy the header of the input image to the output. Currently, the header is reset to the default Nifti1Header. To suppress this warning and use the new behavior, set `copy_header=True`.
  mask_nii = threshold_img(fixed_image_nii, 1e-3)
/data/parietal/store3/work/haggarwa/miniconda3/envs/dwiprep/lib/python3.13/site-packages/niworkflows/viz/utils.py:259: FutureWarning: From release 0.13.0 onwards, this function will, by default, copy the header of the input image to the output. Currently, the header is reset to the default Nifti1Header. To suppress this warning and use the new behavior, set `copy_header=True`.
  bbox_nii = nlimage.threshold_img(bbox_nii, 1e-3)
/data/parietal/store3/work/haggarwa/miniconda3/envs/dwiprep/lib/python3.13/site-packages/niworkflows/viz/utils.py:259: FutureWarning: From release 0.13.0 onwards, this function will, by default, copy the header of the input image to the output. Currently, the header is reset to the default Nifti1Header. To suppress this warning and use the new behavior, set `copy_header=True`.
  bbox_nii = nlimage.threshold_img(bbox_nii, 1e-3)
/data/parietal/store3/work/haggarwa/miniconda3/envs/dwiprep/lib/python3.13/site-packages/niworkflows/viz/utils.py:259: FutureWarning: From release 0.13.0 onwards, this function will, by default, copy the header of the input image to the output. Currently, the header is reset to the default Nifti1Header. To suppress this warning and use the new behavior, set `copy_header=True`.
  bbox_nii = nlimage.threshold_img(bbox_nii, 1e-3)
/data/parietal/store3/work/haggarwa/miniconda3/envs/dwiprep/lib/python3.13/site-packages/niworkflows/viz/utils.py:259: FutureWarning: From release 0.13.0 onwards, this function will, by default, copy the header of the input image to the output. Currently, the header is reset to the default Nifti1Header. To suppress this warning and use the new behavior, set `copy_header=True`.
  bbox_nii = nlimage.threshold_img(bbox_nii, 1e-3)
/data/parietal/store3/work/haggarwa/miniconda3/envs/dwiprep/lib/python3.13/site-packages/niworkflows/viz/utils.py:259: FutureWarning: From release 0.13.0 onwards, this function will, by default, copy the header of the input image to the output. Currently, the header is reset to the default Nifti1Header. To suppress this warning and use the new behavior, set `copy_header=True`.
  bbox_nii = nlimage.threshold_img(bbox_nii, 1e-3)
/data/parietal/store3/work/haggarwa/miniconda3/envs/dwiprep/lib/python3.13/site-packages/niworkflows/viz/utils.py:259: FutureWarning: From release 0.13.0 onwards, this function will, by default, copy the header of the input image to the output. Currently, the header is reset to the default Nifti1Header. To suppress this warning and use the new behavior, set `copy_header=True`.
  bbox_nii = nlimage.threshold_img(bbox_nii, 1e-3)
/data/parietal/store3/work/haggarwa/miniconda3/envs/dwiprep/lib/python3.13/site-packages/niworkflows/viz/utils.py:259: FutureWarning: From release 0.13.0 onwards, this function will, by default, copy the header of the input image to the output. Currently, the header is reset to the default Nifti1Header. To suppress this warning and use the new behavior, set `copy_header=True`.
  bbox_nii = nlimage.threshold_img(bbox_nii, 1e-3)
/data/parietal/store3/work/haggarwa/miniconda3/envs/dwiprep/lib/python3.13/site-packages/niworkflows/viz/utils.py:259: FutureWarning: From release 0.13.0 onwards, this function will, by default, copy the header of the input image to the output. Currently, the header is reset to the default Nifti1Header. To suppress this warning and use the new behavior, set `copy_header=True`.
  bbox_nii = nlimage.threshold_img(bbox_nii, 1e-3)
/data/parietal/store3/work/haggarwa/miniconda3/envs/dwiprep/lib/python3.13/site-packages/niworkflows/viz/utils.py:259: FutureWarning: From release 0.13.0 onwards, this function will, by default, copy the header of the input image to the output. Currently, the header is reset to the default Nifti1Header. To suppress this warning and use the new behavior, set `copy_header=True`.
  bbox_nii = nlimage.threshold_img(bbox_nii, 1e-3)
/data/parietal/store3/work/haggarwa/miniconda3/envs/dwiprep/lib/python3.13/site-packages/niworkflows/viz/utils.py:259: FutureWarning: From release 0.13.0 onwards, this function will, by default, copy the header of the input image to the output. Currently, the header is reset to the default Nifti1Header. To suppress this warning and use the new behavior, set `copy_header=True`.
  bbox_nii = nlimage.threshold_img(bbox_nii, 1e-3)
/data/parietal/store3/work/haggarwa/miniconda3/envs/dwiprep/lib/python3.13/site-packages/niworkflows/viz/utils.py:259: FutureWarning: From release 0.13.0 onwards, this function will, by default, copy the header of the input image to the output. Currently, the header is reset to the default Nifti1Header. To suppress this warning and use the new behavior, set `copy_header=True`.
  bbox_nii = nlimage.threshold_img(bbox_nii, 1e-3)
/data/parietal/store3/work/haggarwa/miniconda3/envs/dwiprep/lib/python3.13/site-packages/niworkflows/viz/utils.py:259: FutureWarning: From release 0.13.0 onwards, this function will, by default, copy the header of the input image to the output. Currently, the header is reset to the default Nifti1Header. To suppress this warning and use the new behavior, set `copy_header=True`.
  bbox_nii = nlimage.threshold_img(bbox_nii, 1e-3)
/data/parietal/store3/work/haggarwa/miniconda3/envs/dwiprep/lib/python3.13/site-packages/niworkflows/viz/utils.py:259: FutureWarning: From release 0.13.0 onwards, this function will, by default, copy the header of the input image to the output. Currently, the header is reset to the default Nifti1Header. To suppress this warning and use the new behavior, set `copy_header=True`.
  bbox_nii = nlimage.threshold_img(bbox_nii, 1e-3)
/data/parietal/store3/work/haggarwa/miniconda3/envs/dwiprep/lib/python3.13/site-packages/niworkflows/interfaces/reportlets/base.py:83: FutureWarning: From release 0.13.0 onwards, this function will, by default, copy the header of the input image to the output. Currently, the header is reset to the default Nifti1Header. To suppress this warning and use the new behavior, set `copy_header=True`.
  mask_nii = threshold_img(fixed_image_nii, 1e-3)
/data/parietal/store3/work/haggarwa/miniconda3/envs/dwiprep/lib/python3.13/site-packages/niworkflows/interfaces/reportlets/base.py:83: FutureWarning: From release 0.13.0 onwards, this function will, by default, copy the header of the input image to the output. Currently, the header is reset to the default Nifti1Header. To suppress this warning and use the new behavior, set `copy_header=True`.
  mask_nii = threshold_img(fixed_image_nii, 1e-3)
/data/parietal/store3/work/haggarwa/miniconda3/envs/dwiprep/lib/python3.13/site-packages/niworkflows/interfaces/reportlets/base.py:83: FutureWarning: From release 0.13.0 onwards, this function will, by default, copy the header of the input image to the output. Currently, the header is reset to the default Nifti1Header. To suppress this warning and use the new behavior, set `copy_header=True`.
  mask_nii = threshold_img(fixed_image_nii, 1e-3)
/data/parietal/store3/work/haggarwa/miniconda3/envs/dwiprep/lib/python3.13/site-packages/niworkflows/interfaces/reportlets/base.py:83: FutureWarning: From release 0.13.0 onwards, this function will, by default, copy the header of the input image to the output. Currently, the header is reset to the default Nifti1Header. To suppress this warning and use the new behavior, set `copy_header=True`.
  mask_nii = threshold_img(fixed_image_nii, 1e-3)
/data/parietal/store3/work/haggarwa/miniconda3/envs/dwiprep/lib/python3.13/site-packages/niworkflows/interfaces/reportlets/base.py:83: FutureWarning: From release 0.13.0 onwards, this function will, by default, copy the header of the input image to the output. Currently, the header is reset to the default Nifti1Header. To suppress this warning and use the new behavior, set `copy_header=True`.
  mask_nii = threshold_img(fixed_image_nii, 1e-3)
/data/parietal/store3/work/haggarwa/miniconda3/envs/dwiprep/lib/python3.13/site-packages/niworkflows/interfaces/reportlets/base.py:83: FutureWarning: From release 0.13.0 onwards, this function will, by default, copy the header of the input image to the output. Currently, the header is reset to the default Nifti1Header. To suppress this warning and use the new behavior, set `copy_header=True`.
  mask_nii = threshold_img(fixed_image_nii, 1e-3)
/data/parietal/store3/work/haggarwa/miniconda3/envs/dwiprep/lib/python3.13/site-packages/niworkflows/viz/utils.py:259: FutureWarning: From release 0.13.0 onwards, this function will, by default, copy the header of the input image to the output. Currently, the header is reset to the default Nifti1Header. To suppress this warning and use the new behavior, set `copy_header=True`.
  bbox_nii = nlimage.threshold_img(bbox_nii, 1e-3)
/data/parietal/store3/work/haggarwa/miniconda3/envs/dwiprep/lib/python3.13/site-packages/niworkflows/interfaces/reportlets/base.py:83: FutureWarning: From release 0.13.0 onwards, this function will, by default, copy the header of the input image to the output. Currently, the header is reset to the default Nifti1Header. To suppress this warning and use the new behavior, set `copy_header=True`.
  mask_nii = threshold_img(fixed_image_nii, 1e-3)
/data/parietal/store3/work/haggarwa/miniconda3/envs/dwiprep/lib/python3.13/site-packages/niworkflows/interfaces/reportlets/base.py:83: FutureWarning: From release 0.13.0 onwards, this function will, by default, copy the header of the input image to the output. Currently, the header is reset to the default Nifti1Header. To suppress this warning and use the new behavior, set `copy_header=True`.
  mask_nii = threshold_img(fixed_image_nii, 1e-3)
/data/parietal/store3/work/haggarwa/miniconda3/envs/dwiprep/lib/python3.13/site-packages/niworkflows/viz/utils.py:259: FutureWarning: From release 0.13.0 onwards, this function will, by default, copy the header of the input image to the output. Currently, the header is reset to the default Nifti1Header. To suppress this warning and use the new behavior, set `copy_header=True`.
  bbox_nii = nlimage.threshold_img(bbox_nii, 1e-3)
/data/parietal/store3/work/haggarwa/miniconda3/envs/dwiprep/lib/python3.13/site-packages/niworkflows/interfaces/reportlets/base.py:83: FutureWarning: From release 0.13.0 onwards, this function will, by default, copy the header of the input image to the output. Currently, the header is reset to the default Nifti1Header. To suppress this warning and use the new behavior, set `copy_header=True`.
  mask_nii = threshold_img(fixed_image_nii, 1e-3)
/data/parietal/store3/work/haggarwa/miniconda3/envs/dwiprep/lib/python3.13/site-packages/niworkflows/interfaces/reportlets/base.py:83: FutureWarning: From release 0.13.0 onwards, this function will, by default, copy the header of the input image to the output. Currently, the header is reset to the default Nifti1Header. To suppress this warning and use the new behavior, set `copy_header=True`.
  mask_nii = threshold_img(fixed_image_nii, 1e-3)
/data/parietal/store3/work/haggarwa/miniconda3/envs/dwiprep/lib/python3.13/site-packages/niworkflows/viz/utils.py:259: FutureWarning: From release 0.13.0 onwards, this function will, by default, copy the header of the input image to the output. Currently, the header is reset to the default Nifti1Header. To suppress this warning and use the new behavior, set `copy_header=True`.
  bbox_nii = nlimage.threshold_img(bbox_nii, 1e-3)
/data/parietal/store3/work/haggarwa/miniconda3/envs/dwiprep/lib/python3.13/site-packages/niworkflows/interfaces/reportlets/base.py:83: FutureWarning: From release 0.13.0 onwards, this function will, by default, copy the header of the input image to the output. Currently, the header is reset to the default Nifti1Header. To suppress this warning and use the new behavior, set `copy_header=True`.
  mask_nii = threshold_img(fixed_image_nii, 1e-3)
/data/parietal/store3/work/haggarwa/miniconda3/envs/dwiprep/lib/python3.13/site-packages/niworkflows/interfaces/reportlets/base.py:83: FutureWarning: From release 0.13.0 onwards, this function will, by default, copy the header of the input image to the output. Currently, the header is reset to the default Nifti1Header. To suppress this warning and use the new behavior, set `copy_header=True`.
  mask_nii = threshold_img(fixed_image_nii, 1e-3)
/data/parietal/store3/work/haggarwa/miniconda3/envs/dwiprep/lib/python3.13/site-packages/niworkflows/viz/utils.py:259: FutureWarning: From release 0.13.0 onwards, this function will, by default, copy the header of the input image to the output. Currently, the header is reset to the default Nifti1Header. To suppress this warning and use the new behavior, set `copy_header=True`.
  bbox_nii = nlimage.threshold_img(bbox_nii, 1e-3)
/data/parietal/store3/work/haggarwa/miniconda3/envs/dwiprep/lib/python3.13/site-packages/niworkflows/interfaces/reportlets/base.py:83: FutureWarning: From release 0.13.0 onwards, this function will, by default, copy the header of the input image to the output. Currently, the header is reset to the default Nifti1Header. To suppress this warning and use the new behavior, set `copy_header=True`.
  mask_nii = threshold_img(fixed_image_nii, 1e-3)
/data/parietal/store3/work/haggarwa/miniconda3/envs/dwiprep/lib/python3.13/site-packages/niworkflows/interfaces/reportlets/base.py:83: FutureWarning: From release 0.13.0 onwards, this function will, by default, copy the header of the input image to the output. Currently, the header is reset to the default Nifti1Header. To suppress this warning and use the new behavior, set `copy_header=True`.
  mask_nii = threshold_img(fixed_image_nii, 1e-3)
/data/parietal/store3/work/haggarwa/miniconda3/envs/dwiprep/lib/python3.13/site-packages/niworkflows/viz/utils.py:259: FutureWarning: From release 0.13.0 onwards, this function will, by default, copy the header of the input image to the output. Currently, the header is reset to the default Nifti1Header. To suppress this warning and use the new behavior, set `copy_header=True`.
  bbox_nii = nlimage.threshold_img(bbox_nii, 1e-3)
/data/parietal/store3/work/haggarwa/miniconda3/envs/dwiprep/lib/python3.13/site-packages/niworkflows/interfaces/reportlets/base.py:83: FutureWarning: From release 0.13.0 onwards, this function will, by default, copy the header of the input image to the output. Currently, the header is reset to the default Nifti1Header. To suppress this warning and use the new behavior, set `copy_header=True`.
  mask_nii = threshold_img(fixed_image_nii, 1e-3)
/data/parietal/store3/work/haggarwa/miniconda3/envs/dwiprep/lib/python3.13/site-packages/niworkflows/interfaces/reportlets/base.py:83: FutureWarning: From release 0.13.0 onwards, this function will, by default, copy the header of the input image to the output. Currently, the header is reset to the default Nifti1Header. To suppress this warning and use the new behavior, set `copy_header=True`.
  mask_nii = threshold_img(fixed_image_nii, 1e-3)
/data/parietal/store3/work/haggarwa/miniconda3/envs/dwiprep/lib/python3.13/site-packages/niworkflows/viz/utils.py:259: FutureWarning: From release 0.13.0 onwards, this function will, by default, copy the header of the input image to the output. Currently, the header is reset to the default Nifti1Header. To suppress this warning and use the new behavior, set `copy_header=True`.
  bbox_nii = nlimage.threshold_img(bbox_nii, 1e-3)
/data/parietal/store3/work/haggarwa/miniconda3/envs/dwiprep/lib/python3.13/site-packages/niworkflows/interfaces/reportlets/base.py:83: FutureWarning: From release 0.13.0 onwards, this function will, by default, copy the header of the input image to the output. Currently, the header is reset to the default Nifti1Header. To suppress this warning and use the new behavior, set `copy_header=True`.
  mask_nii = threshold_img(fixed_image_nii, 1e-3)
/data/parietal/store3/work/haggarwa/miniconda3/envs/dwiprep/lib/python3.13/site-packages/niworkflows/interfaces/reportlets/base.py:83: FutureWarning: From release 0.13.0 onwards, this function will, by default, copy the header of the input image to the output. Currently, the header is reset to the default Nifti1Header. To suppress this warning and use the new behavior, set `copy_header=True`.
  mask_nii = threshold_img(fixed_image_nii, 1e-3)
/data/parietal/store3/work/haggarwa/miniconda3/envs/dwiprep/lib/python3.13/site-packages/niworkflows/viz/utils.py:259: FutureWarning: From release 0.13.0 onwards, this function will, by default, copy the header of the input image to the output. Currently, the header is reset to the default Nifti1Header. To suppress this warning and use the new behavior, set `copy_header=True`.
  bbox_nii = nlimage.threshold_img(bbox_nii, 1e-3)
/data/parietal/store3/work/haggarwa/miniconda3/envs/dwiprep/lib/python3.13/site-packages/niworkflows/interfaces/reportlets/base.py:83: FutureWarning: From release 0.13.0 onwards, this function will, by default, copy the header of the input image to the output. Currently, the header is reset to the default Nifti1Header. To suppress this warning and use the new behavior, set `copy_header=True`.
  mask_nii = threshold_img(fixed_image_nii, 1e-3)
/data/parietal/store3/work/haggarwa/miniconda3/envs/dwiprep/lib/python3.13/site-packages/niworkflows/interfaces/reportlets/base.py:83: FutureWarning: From release 0.13.0 onwards, this function will, by default, copy the header of the input image to the output. Currently, the header is reset to the default Nifti1Header. To suppress this warning and use the new behavior, set `copy_header=True`.
  mask_nii = threshold_img(fixed_image_nii, 1e-3)
/data/parietal/store3/work/haggarwa/miniconda3/envs/dwiprep/lib/python3.13/site-packages/niworkflows/viz/utils.py:259: FutureWarning: From release 0.13.0 onwards, this function will, by default, copy the header of the input image to the output. Currently, the header is reset to the default Nifti1Header. To suppress this warning and use the new behavior, set `copy_header=True`.
  bbox_nii = nlimage.threshold_img(bbox_nii, 1e-3)
/data/parietal/store3/work/haggarwa/miniconda3/envs/dwiprep/lib/python3.13/site-packages/niworkflows/interfaces/reportlets/base.py:83: FutureWarning: From release 0.13.0 onwards, this function will, by default, copy the header of the input image to the output. Currently, the header is reset to the default Nifti1Header. To suppress this warning and use the new behavior, set `copy_header=True`.
  mask_nii = threshold_img(fixed_image_nii, 1e-3)
/data/parietal/store3/work/haggarwa/miniconda3/envs/dwiprep/lib/python3.13/site-packages/niworkflows/viz/utils.py:259: FutureWarning: From release 0.13.0 onwards, this function will, by default, copy the header of the input image to the output. Currently, the header is reset to the default Nifti1Header. To suppress this warning and use the new behavior, set `copy_header=True`.
  bbox_nii = nlimage.threshold_img(bbox_nii, 1e-3)
/data/parietal/store3/work/haggarwa/miniconda3/envs/dwiprep/lib/python3.13/site-packages/niworkflows/interfaces/reportlets/base.py:83: FutureWarning: From release 0.13.0 onwards, this function will, by default, copy the header of the input image to the output. Currently, the header is reset to the default Nifti1Header. To suppress this warning and use the new behavior, set `copy_header=True`.
  mask_nii = threshold_img(fixed_image_nii, 1e-3)
/data/parietal/store3/work/haggarwa/miniconda3/envs/dwiprep/lib/python3.13/site-packages/niworkflows/viz/utils.py:259: FutureWarning: From release 0.13.0 onwards, this function will, by default, copy the header of the input image to the output. Currently, the header is reset to the default Nifti1Header. To suppress this warning and use the new behavior, set `copy_header=True`.
  bbox_nii = nlimage.threshold_img(bbox_nii, 1e-3)
/data/parietal/store3/work/haggarwa/miniconda3/envs/dwiprep/lib/python3.13/site-packages/niworkflows/viz/utils.py:259: FutureWarning: From release 0.13.0 onwards, this function will, by default, copy the header of the input image to the output. Currently, the header is reset to the default Nifti1Header. To suppress this warning and use the new behavior, set `copy_header=True`.
  bbox_nii = nlimage.threshold_img(bbox_nii, 1e-3)
/data/parietal/store3/work/haggarwa/miniconda3/envs/dwiprep/lib/python3.13/site-packages/niworkflows/interfaces/reportlets/base.py:83: FutureWarning: From release 0.13.0 onwards, this function will, by default, copy the header of the input image to the output. Currently, the header is reset to the default Nifti1Header. To suppress this warning and use the new behavior, set `copy_header=True`.
  mask_nii = threshold_img(fixed_image_nii, 1e-3)
/data/parietal/store3/work/haggarwa/miniconda3/envs/dwiprep/lib/python3.13/site-packages/niworkflows/viz/utils.py:259: FutureWarning: From release 0.13.0 onwards, this function will, by default, copy the header of the input image to the output. Currently, the header is reset to the default Nifti1Header. To suppress this warning and use the new behavior, set `copy_header=True`.
  bbox_nii = nlimage.threshold_img(bbox_nii, 1e-3)
/data/parietal/store3/work/haggarwa/miniconda3/envs/dwiprep/lib/python3.13/site-packages/niworkflows/interfaces/reportlets/base.py:83: FutureWarning: From release 0.13.0 onwards, this function will, by default, copy the header of the input image to the output. Currently, the header is reset to the default Nifti1Header. To suppress this warning and use the new behavior, set `copy_header=True`.
  mask_nii = threshold_img(fixed_image_nii, 1e-3)
/data/parietal/store3/work/haggarwa/miniconda3/envs/dwiprep/lib/python3.13/site-packages/niworkflows/viz/utils.py:259: FutureWarning: From release 0.13.0 onwards, this function will, by default, copy the header of the input image to the output. Currently, the header is reset to the default Nifti1Header. To suppress this warning and use the new behavior, set `copy_header=True`.
  bbox_nii = nlimage.threshold_img(bbox_nii, 1e-3)
